[debug] [2020-04-23T01:51:15.391Z] ----------------------------------------------------------------------
[debug] [2020-04-23T01:51:15.394Z] Command:       C:\Program Files\nodejs\node.exe C:\Users\nania\AppData\Roaming\npm\node_modules\firebase-tools\lib\bin\firebase.js serve
[debug] [2020-04-23T01:51:15.394Z] CLI Version:   8.1.1
[debug] [2020-04-23T01:51:15.394Z] Platform:      win32
[debug] [2020-04-23T01:51:15.394Z] Node Version:  v12.13.1
[debug] [2020-04-23T01:51:15.395Z] Time:          Thu Apr 23 2020 08:51:15 GMT+0700 (Indochina Time)
[debug] [2020-04-23T01:51:15.395Z] ----------------------------------------------------------------------
[debug] [2020-04-23T01:51:15.396Z] 
[debug] [2020-04-23T01:51:15.404Z] > command requires scopes: ["email","openid","https://www.googleapis.com/auth/cloudplatformprojects.readonly","https://www.googleapis.com/auth/firebase","https://www.googleapis.com/auth/cloud-platform"]
[debug] [2020-04-23T01:51:15.404Z] > authorizing via signed-in user
[debug] [2020-04-23T01:51:15.405Z] [iam] checking project nurcahya-firebaselogin for permissions ["firebase.projects.get"]
[debug] [2020-04-23T01:51:15.408Z] >>> HTTP REQUEST POST https://cloudresourcemanager.googleapis.com/v1/projects/nurcahya-firebaselogin:testIamPermissions  
 {"permissions":["firebase.projects.get"]}
[debug] [2020-04-23T01:51:16.806Z] <<< HTTP RESPONSE 200 {"content-type":"application/json; charset=UTF-8","vary":"X-Origin, Referer, Origin,Accept-Encoding","date":"Thu, 23 Apr 2020 01:51:18 GMT","server":"ESF","cache-control":"private","x-xss-protection":"0","x-frame-options":"SAMEORIGIN","x-content-type-options":"nosniff","server-timing":"gfet4t7; dur=1218","alt-svc":"quic=\":443\"; ma=2592000; v=\"46,43\",h3-Q050=\":443\"; ma=2592000,h3-Q049=\":443\"; ma=2592000,h3-Q048=\":443\"; ma=2592000,h3-Q046=\":443\"; ma=2592000,h3-Q043=\":443\"; ma=2592000,h3-T050=\":443\"; ma=2592000","accept-ranges":"none","transfer-encoding":"chunked"}
[debug] [2020-04-23T01:51:16.809Z] >>> HTTP REQUEST GET https://firebase.googleapis.com/v1beta1/projects/nurcahya-firebaselogin  
 
[debug] [2020-04-23T01:51:17.189Z] <<< HTTP RESPONSE 200 {"content-type":"application/json; charset=UTF-8","vary":"X-Origin, Referer, Origin,Accept-Encoding","date":"Thu, 23 Apr 2020 01:51:18 GMT","server":"ESF","cache-control":"private","x-xss-protection":"0","x-frame-options":"SAMEORIGIN","x-content-type-options":"nosniff","alt-svc":"quic=\":443\"; ma=2592000; v=\"46,43\",h3-Q050=\":443\"; ma=2592000,h3-Q049=\":443\"; ma=2592000,h3-Q048=\":443\"; ma=2592000,h3-Q046=\":443\"; ma=2592000,h3-Q043=\":443\"; ma=2592000,h3-T050=\":443\"; ma=2592000","accept-ranges":"none","transfer-encoding":"chunked"}
[info] 
[info] === Serving from 'G:\SEMESTER 6\Pemerograman Berbasis Framework\Praktikum\nurcahya-firebaselogin'...
[info] 
[debug] [2020-04-23T01:51:17.221Z] >>> HTTP REQUEST GET https://firebase.googleapis.com/v1beta1/projects/nurcahya-firebaselogin/webApps/-/config  
 
[debug] [2020-04-23T01:51:18.011Z] <<< HTTP RESPONSE 200 {"content-type":"application/json; charset=UTF-8","vary":"X-Origin, Referer, Origin,Accept-Encoding","date":"Thu, 23 Apr 2020 01:51:19 GMT","server":"ESF","cache-control":"private","x-xss-protection":"0","x-frame-options":"SAMEORIGIN","x-content-type-options":"nosniff","alt-svc":"quic=\":443\"; ma=2592000; v=\"46,43\",h3-Q050=\":443\"; ma=2592000,h3-Q049=\":443\"; ma=2592000,h3-Q048=\":443\"; ma=2592000,h3-Q046=\":443\"; ma=2592000,h3-Q043=\":443\"; ma=2592000,h3-T050=\":443\"; ma=2592000","accept-ranges":"none","transfer-encoding":"chunked"}
[info] i  hosting: Serving hosting files from: public
[info] +  hosting: Local server: http://localhost:5000
